<?xml version="1.0" encoding="UTF-8"?>
<!-- Generated by org.testng.reporters.JUnitReportReporter -->
<testsuite hostname="Shivapujimath" name="org.tests.Tc1" tests="1" failures="0" timestamp="6 Jun 2019 11:42:46 GMT" time="10.245" errors="0">
  <testcase name="tc1" time="10.245" classname="org.tests.Tc1"/>
</testsuite> <!-- org.tests.Tc1 -->
